2024.07.25 12:39:22 INFO  Started: Metals version 1.3.3 in folders '/home/zhouye/yz/csdiy/UCSC-CSE228A/hw/hw2' for client Visual Studio Code 1.91.1.[0m
2024.07.25 12:39:22 INFO  time: initialize in 0.14s[0m
Jul 25, 2024 12:39:23 PM org.eclipse.lsp4j.jsonrpc.services.GenericEndpoint notify
INFO: Unsupported notification method: $/setTrace
SLF4J(W): Class path contains multiple SLF4J providers.
SLF4J(W): Found provider [scribe.slf4j.ScribeServiceProvider@4c381299]
SLF4J(W): Found provider [ch.qos.logback.classic.spi.LogbackServiceProvider@6068565f]
SLF4J(W): See https://www.slf4j.org/codes.html#multiple_bindings for an explanation.
SLF4J(I): Actual provider is of type [scribe.slf4j.ScribeServiceProvider@4c381299]
2024.07.25 12:39:23 WARN  Flyway upgrade recommended: H2 2.2.224 is newer than this version of Flyway and support has not been tested. The latest supported version of H2 is 2.2.220.[0m
2024.07.25 12:40:31 INFO  Shutting down server[0m
2024.07.25 12:40:31 INFO  shutting down Metals[0m
2024.07.25 12:40:31 INFO  Exiting server[0m
2024.07.25 12:41:12 INFO  Started: Metals version 1.3.3 in folders '/home/zhouye/yz/csdiy/UCSC-CSE228A/hw/hw2' for client Visual Studio Code 1.91.1.
2024.07.25 12:41:14 INFO  Shutting down server
2024.07.25 12:41:14 INFO  shutting down Metals
SLF4J(W): Class path contains multiple SLF4J providers.
SLF4J(W): Found provider [scribe.slf4j.ScribeServiceProvider@6ed4171f]
SLF4J(W): Found provider [ch.qos.logback.classic.spi.LogbackServiceProvider@d2bf1e4]
SLF4J(W): See https://www.slf4j.org/codes.html#multiple_bindings for an explanation.
SLF4J(I): Actual provider is of type [scribe.slf4j.ScribeServiceProvider@6ed4171f]
2024.07.25 12:41:14 WARN  Flyway upgrade recommended: H2 2.2.224 is newer than this version of Flyway and support has not been tested. The latest supported version of H2 is 2.2.220.
2024.07.25 12:41:16 WARN  Flyway upgrade recommended: H2 2.2.224 is newer than this version of Flyway and support has not been tested. The latest supported version of H2 is 2.2.220.
